c:\users\abhishek patil\desktop\prog_lang_review\cpp_review_v2\cpp_review_v2\x64\debug\vc143.pdb
c:\users\abhishek patil\desktop\prog_lang_review\cpp_review_v2\cpp_review_v2\x64\debug\vc143.idb
c:\users\abhishek patil\desktop\prog_lang_review\cpp_review_v2\cpp_review_v2\x64\debug\array_functions.obj
c:\users\abhishek patil\desktop\prog_lang_review\cpp_review_v2\cpp_review_v2\x64\debug\cpp_review_v2.obj
c:\users\abhishek patil\desktop\prog_lang_review\cpp_review_v2\x64\debug\cpp_review_v2.pdb
c:\users\abhishek patil\desktop\prog_lang_review\cpp_review_v2\cpp_review_v2\x64\debug\cpp_review_v2.tlog\cl.command.1.tlog
c:\users\abhishek patil\desktop\prog_lang_review\cpp_review_v2\cpp_review_v2\x64\debug\cpp_review_v2.tlog\cl.read.1.tlog
c:\users\abhishek patil\desktop\prog_lang_review\cpp_review_v2\cpp_review_v2\x64\debug\cpp_review_v2.tlog\cl.write.1.tlog
c:\users\abhishek patil\desktop\prog_lang_review\cpp_review_v2\cpp_review_v2\x64\debug\cpp_review_v2.tlog\link-cvtres.read.1.tlog
c:\users\abhishek patil\desktop\prog_lang_review\cpp_review_v2\cpp_review_v2\x64\debug\cpp_review_v2.tlog\link-cvtres.write.1.tlog
c:\users\abhishek patil\desktop\prog_lang_review\cpp_review_v2\cpp_review_v2\x64\debug\cpp_review_v2.tlog\link-rc.read.1.tlog
c:\users\abhishek patil\desktop\prog_lang_review\cpp_review_v2\cpp_review_v2\x64\debug\cpp_review_v2.tlog\link-rc.write.1.tlog
c:\users\abhishek patil\desktop\prog_lang_review\cpp_review_v2\cpp_review_v2\x64\debug\cpp_review_v2.tlog\link.9056-cvtres.read.1.tlog
c:\users\abhishek patil\desktop\prog_lang_review\cpp_review_v2\cpp_review_v2\x64\debug\cpp_review_v2.tlog\link.9056-cvtres.write.1.tlog
c:\users\abhishek patil\desktop\prog_lang_review\cpp_review_v2\cpp_review_v2\x64\debug\cpp_review_v2.tlog\link.9056-rc.read.1.tlog
c:\users\abhishek patil\desktop\prog_lang_review\cpp_review_v2\cpp_review_v2\x64\debug\cpp_review_v2.tlog\link.9056-rc.write.1.tlog
c:\users\abhishek patil\desktop\prog_lang_review\cpp_review_v2\cpp_review_v2\x64\debug\cpp_review_v2.tlog\link.9056.read.1.tlog
c:\users\abhishek patil\desktop\prog_lang_review\cpp_review_v2\cpp_review_v2\x64\debug\cpp_review_v2.tlog\link.9056.read.2.tlog
c:\users\abhishek patil\desktop\prog_lang_review\cpp_review_v2\cpp_review_v2\x64\debug\cpp_review_v2.tlog\link.9056.write.1.tlog
c:\users\abhishek patil\desktop\prog_lang_review\cpp_review_v2\cpp_review_v2\x64\debug\cpp_review_v2.tlog\link.command.1.tlog
c:\users\abhishek patil\desktop\prog_lang_review\cpp_review_v2\cpp_review_v2\x64\debug\cpp_review_v2.tlog\link.read.1.tlog
c:\users\abhishek patil\desktop\prog_lang_review\cpp_review_v2\cpp_review_v2\x64\debug\cpp_review_v2.tlog\link.read.2.tlog
c:\users\abhishek patil\desktop\prog_lang_review\cpp_review_v2\cpp_review_v2\x64\debug\cpp_review_v2.tlog\link.write.1.tlog
